2021-03-06 10:10:42,520 INFO [main] c.x.j.e.XxlJobExecutorApplication [StartupInfoLogger.java : 55] Starting XxlJobExecutorApplication using Java 13.0.1 on qiaoweideMBP with PID 9348 (/Users/qiaowei/Documents/xxl-job/xxl-job-executor-samples/xxl-job-executor-sample-springboot/target/classes started by qiaowei in /Users/qiaowei/Documents/xxl-job)
2021-03-06 10:10:42,523 INFO [main] c.x.j.e.XxlJobExecutorApplication [SpringApplication.java : 660] No active profile set, falling back to default profiles: default
2021-03-06 10:10:43,485 INFO [main] o.s.b.w.e.tomcat.TomcatWebServer [TomcatWebServer.java : 108] Tomcat initialized with port(s): 8081 (http)
2021-03-06 10:10:43,495 INFO [main] o.a.coyote.http11.Http11NioProtocol [DirectJDKLog.java : 173] Initializing ProtocolHandler ["http-nio-8081"]
2021-03-06 10:10:43,495 INFO [main] o.a.catalina.core.StandardService [DirectJDKLog.java : 173] Starting service [Tomcat]
2021-03-06 10:10:43,496 INFO [main] o.a.catalina.core.StandardEngine [DirectJDKLog.java : 173] Starting Servlet engine: [Apache Tomcat/9.0.41]
2021-03-06 10:10:43,567 INFO [main] o.a.c.c.C.[Tomcat].[localhost].[/] [DirectJDKLog.java : 173] Initializing Spring embedded WebApplicationContext
2021-03-06 10:10:43,568 INFO [main] o.s.b.w.s.c.ServletWebServerApplicationContext [ServletWebServerApplicationContext.java : 289] Root WebApplicationContext: initialization completed in 806 ms
2021-03-06 10:10:43,620 INFO [main] c.x.j.e.core.config.XxlJobConfig [XxlJobConfig.java : 46] >>>>>>>>>>> xxl-job config init.
2021-03-06 10:10:43,727 INFO [main] o.s.s.c.ThreadPoolTaskExecutor [ExecutorConfigurationSupport.java : 181] Initializing ExecutorService 'applicationTaskExecutor'
2021-03-06 10:10:43,900 INFO [main] c.x.job.core.executor.XxlJobExecutor [XxlJobExecutor.java : 178] >>>>>>>>>>> xxl-job register jobhandler success, name:demoJobHandler, jobHandler:com.xxl.job.core.handler.impl.MethodJobHandler@350ec690[class com.xxl.job.executor.service.jobhandler.SampleXxlJob#demoJobHandler]
2021-03-06 10:10:43,902 INFO [main] c.x.job.core.executor.XxlJobExecutor [XxlJobExecutor.java : 178] >>>>>>>>>>> xxl-job register jobhandler success, name:shardingJobHandler, jobHandler:com.xxl.job.core.handler.impl.MethodJobHandler@34a2d6e0[class com.xxl.job.executor.service.jobhandler.SampleXxlJob#shardingJobHandler]
2021-03-06 10:10:43,903 INFO [main] c.x.job.core.executor.XxlJobExecutor [XxlJobExecutor.java : 178] >>>>>>>>>>> xxl-job register jobhandler success, name:commandJobHandler, jobHandler:com.xxl.job.core.handler.impl.MethodJobHandler@2525a5b8[class com.xxl.job.executor.service.jobhandler.SampleXxlJob#commandJobHandler]
2021-03-06 10:10:43,903 INFO [main] c.x.job.core.executor.XxlJobExecutor [XxlJobExecutor.java : 178] >>>>>>>>>>> xxl-job register jobhandler success, name:httpJobHandler, jobHandler:com.xxl.job.core.handler.impl.MethodJobHandler@3458eca5[class com.xxl.job.executor.service.jobhandler.SampleXxlJob#httpJobHandler]
2021-03-06 10:10:43,903 INFO [main] c.x.job.core.executor.XxlJobExecutor [XxlJobExecutor.java : 178] >>>>>>>>>>> xxl-job register jobhandler success, name:demoJobHandler2, jobHandler:com.xxl.job.core.handler.impl.MethodJobHandler@1e0fdb2f[class com.xxl.job.executor.service.jobhandler.SampleXxlJob#demoJobHandler2]
2021-03-06 10:10:43,975 WARN [main] c.x.job.core.executor.XxlJobExecutor [XxlJobExecutor.java : 152] >>>>>>>>>>> xxl-job accessToken is empty. To ensure system security, please set the accessToken.
2021-03-06 10:10:43,988 INFO [main] o.a.coyote.http11.Http11NioProtocol [DirectJDKLog.java : 173] Starting ProtocolHandler ["http-nio-8081"]
2021-03-06 10:10:44,001 INFO [main] o.s.b.w.e.tomcat.TomcatWebServer [TomcatWebServer.java : 220] Tomcat started on port(s): 8081 (http) with context path ''
2021-03-06 10:10:44,010 INFO [main] c.x.j.e.XxlJobExecutorApplication [StartupInfoLogger.java : 61] Started XxlJobExecutorApplication in 1.777 seconds (JVM running for 2.489)
2021-03-06 10:10:44,168 INFO [Thread-4] com.xxl.job.core.server.EmbedServer [EmbedServer.java : 86] >>>>>>>>>>> xxl-job remoting server start success, nettype = class com.xxl.job.core.server.EmbedServer, port = 9999
2021-03-06 10:25:38,620 INFO [xxl-rpc, EmbedServer bizThreadPool-476801783] c.x.job.core.executor.XxlJobExecutor [XxlJobExecutor.java : 188] >>>>>>>>>>> xxl-job regist JobThread success, jobId:1, handler:com.xxl.job.core.handler.impl.MethodJobHandler@350ec690[class com.xxl.job.executor.service.jobhandler.SampleXxlJob#demoJobHandler]
2021-03-06 10:25:38,626 ERROR [Thread-7] c.x.job.core.log.XxlJobFileAppender [XxlJobFileAppender.java : 101] No such file or directory
java.io.IOException: No such file or directory
	at java.base/java.io.UnixFileSystem.createFileExclusively(Native Method)
	at java.base/java.io.File.createNewFile(File.java:1024)
	at com.xxl.job.core.log.XxlJobFileAppender.appendLog(XxlJobFileAppender.java:99)
	at com.xxl.job.core.context.XxlJobHelper.logDetail(XxlJobHelper.java:164)
	at com.xxl.job.core.context.XxlJobHelper.log(XxlJobHelper.java:118)
	at com.xxl.job.core.thread.JobThread.run(JobThread.java:130)
2021-03-06 10:25:38,627 ERROR [Thread-7] c.x.job.core.log.XxlJobFileAppender [XxlJobFileAppender.java : 101] No such file or directory
java.io.IOException: No such file or directory
	at java.base/java.io.UnixFileSystem.createFileExclusively(Native Method)
	at java.base/java.io.File.createNewFile(File.java:1024)
	at com.xxl.job.core.log.XxlJobFileAppender.appendLog(XxlJobFileAppender.java:99)
	at com.xxl.job.core.context.XxlJobHelper.logDetail(XxlJobHelper.java:164)
	at com.xxl.job.core.context.XxlJobHelper.log(XxlJobHelper.java:118)
	at com.xxl.job.executor.service.jobhandler.SampleXxlJob.demoJobHandler(SampleXxlJob.java:39)
	at java.base/jdk.internal.reflect.NativeMethodAccessorImpl.invoke0(Native Method)
	at java.base/jdk.internal.reflect.NativeMethodAccessorImpl.invoke(NativeMethodAccessorImpl.java:62)
	at java.base/jdk.internal.reflect.DelegatingMethodAccessorImpl.invoke(DelegatingMethodAccessorImpl.java:43)
	at java.base/java.lang.reflect.Method.invoke(Method.java:567)
	at com.xxl.job.core.handler.impl.MethodJobHandler.execute(MethodJobHandler.java:31)
	at com.xxl.job.core.thread.JobThread.run(JobThread.java:163)
2021-03-06 10:25:38,627 ERROR [Thread-7] c.x.job.core.log.XxlJobFileAppender [XxlJobFileAppender.java : 101] No such file or directory
java.io.IOException: No such file or directory
	at java.base/java.io.UnixFileSystem.createFileExclusively(Native Method)
	at java.base/java.io.File.createNewFile(File.java:1024)
	at com.xxl.job.core.log.XxlJobFileAppender.appendLog(XxlJobFileAppender.java:99)
	at com.xxl.job.core.context.XxlJobHelper.logDetail(XxlJobHelper.java:164)
	at com.xxl.job.core.context.XxlJobHelper.log(XxlJobHelper.java:118)
	at com.xxl.job.executor.service.jobhandler.SampleXxlJob.demoJobHandler(SampleXxlJob.java:42)
	at java.base/jdk.internal.reflect.NativeMethodAccessorImpl.invoke0(Native Method)
	at java.base/jdk.internal.reflect.NativeMethodAccessorImpl.invoke(NativeMethodAccessorImpl.java:62)
	at java.base/jdk.internal.reflect.DelegatingMethodAccessorImpl.invoke(DelegatingMethodAccessorImpl.java:43)
	at java.base/java.lang.reflect.Method.invoke(Method.java:567)
	at com.xxl.job.core.handler.impl.MethodJobHandler.execute(MethodJobHandler.java:31)
	at com.xxl.job.core.thread.JobThread.run(JobThread.java:163)
2021-03-06 10:25:40,627 ERROR [Thread-7] c.x.job.core.log.XxlJobFileAppender [XxlJobFileAppender.java : 101] No such file or directory
java.io.IOException: No such file or directory
	at java.base/java.io.UnixFileSystem.createFileExclusively(Native Method)
	at java.base/java.io.File.createNewFile(File.java:1024)
	at com.xxl.job.core.log.XxlJobFileAppender.appendLog(XxlJobFileAppender.java:99)
	at com.xxl.job.core.context.XxlJobHelper.logDetail(XxlJobHelper.java:164)
	at com.xxl.job.core.context.XxlJobHelper.log(XxlJobHelper.java:118)
	at com.xxl.job.executor.service.jobhandler.SampleXxlJob.demoJobHandler(SampleXxlJob.java:42)
	at java.base/jdk.internal.reflect.NativeMethodAccessorImpl.invoke0(Native Method)
	at java.base/jdk.internal.reflect.NativeMethodAccessorImpl.invoke(NativeMethodAccessorImpl.java:62)
	at java.base/jdk.internal.reflect.DelegatingMethodAccessorImpl.invoke(DelegatingMethodAccessorImpl.java:43)
	at java.base/java.lang.reflect.Method.invoke(Method.java:567)
	at com.xxl.job.core.handler.impl.MethodJobHandler.execute(MethodJobHandler.java:31)
	at com.xxl.job.core.thread.JobThread.run(JobThread.java:163)
2021-03-06 10:25:42,632 ERROR [Thread-7] c.x.job.core.log.XxlJobFileAppender [XxlJobFileAppender.java : 101] No such file or directory
java.io.IOException: No such file or directory
	at java.base/java.io.UnixFileSystem.createFileExclusively(Native Method)
	at java.base/java.io.File.createNewFile(File.java:1024)
	at com.xxl.job.core.log.XxlJobFileAppender.appendLog(XxlJobFileAppender.java:99)
	at com.xxl.job.core.context.XxlJobHelper.logDetail(XxlJobHelper.java:164)
	at com.xxl.job.core.context.XxlJobHelper.log(XxlJobHelper.java:118)
	at com.xxl.job.executor.service.jobhandler.SampleXxlJob.demoJobHandler(SampleXxlJob.java:42)
	at java.base/jdk.internal.reflect.NativeMethodAccessorImpl.invoke0(Native Method)
	at java.base/jdk.internal.reflect.NativeMethodAccessorImpl.invoke(NativeMethodAccessorImpl.java:62)
	at java.base/jdk.internal.reflect.DelegatingMethodAccessorImpl.invoke(DelegatingMethodAccessorImpl.java:43)
	at java.base/java.lang.reflect.Method.invoke(Method.java:567)
	at com.xxl.job.core.handler.impl.MethodJobHandler.execute(MethodJobHandler.java:31)
	at com.xxl.job.core.thread.JobThread.run(JobThread.java:163)
2021-03-06 10:25:44,637 ERROR [Thread-7] c.x.job.core.log.XxlJobFileAppender [XxlJobFileAppender.java : 101] No such file or directory
java.io.IOException: No such file or directory
	at java.base/java.io.UnixFileSystem.createFileExclusively(Native Method)
	at java.base/java.io.File.createNewFile(File.java:1024)
	at com.xxl.job.core.log.XxlJobFileAppender.appendLog(XxlJobFileAppender.java:99)
	at com.xxl.job.core.context.XxlJobHelper.logDetail(XxlJobHelper.java:164)
	at com.xxl.job.core.context.XxlJobHelper.log(XxlJobHelper.java:118)
	at com.xxl.job.executor.service.jobhandler.SampleXxlJob.demoJobHandler(SampleXxlJob.java:42)
	at java.base/jdk.internal.reflect.NativeMethodAccessorImpl.invoke0(Native Method)
	at java.base/jdk.internal.reflect.NativeMethodAccessorImpl.invoke(NativeMethodAccessorImpl.java:62)
	at java.base/jdk.internal.reflect.DelegatingMethodAccessorImpl.invoke(DelegatingMethodAccessorImpl.java:43)
	at java.base/java.lang.reflect.Method.invoke(Method.java:567)
	at com.xxl.job.core.handler.impl.MethodJobHandler.execute(MethodJobHandler.java:31)
	at com.xxl.job.core.thread.JobThread.run(JobThread.java:163)
2021-03-06 10:25:46,640 ERROR [Thread-7] c.x.job.core.log.XxlJobFileAppender [XxlJobFileAppender.java : 101] No such file or directory
java.io.IOException: No such file or directory
	at java.base/java.io.UnixFileSystem.createFileExclusively(Native Method)
	at java.base/java.io.File.createNewFile(File.java:1024)
	at com.xxl.job.core.log.XxlJobFileAppender.appendLog(XxlJobFileAppender.java:99)
	at com.xxl.job.core.context.XxlJobHelper.logDetail(XxlJobHelper.java:164)
	at com.xxl.job.core.context.XxlJobHelper.log(XxlJobHelper.java:118)
	at com.xxl.job.executor.service.jobhandler.SampleXxlJob.demoJobHandler(SampleXxlJob.java:42)
	at java.base/jdk.internal.reflect.NativeMethodAccessorImpl.invoke0(Native Method)
	at java.base/jdk.internal.reflect.NativeMethodAccessorImpl.invoke(NativeMethodAccessorImpl.java:62)
	at java.base/jdk.internal.reflect.DelegatingMethodAccessorImpl.invoke(DelegatingMethodAccessorImpl.java:43)
	at java.base/java.lang.reflect.Method.invoke(Method.java:567)
	at com.xxl.job.core.handler.impl.MethodJobHandler.execute(MethodJobHandler.java:31)
	at com.xxl.job.core.thread.JobThread.run(JobThread.java:163)
2021-03-06 10:25:48,642 ERROR [Thread-7] c.x.job.core.log.XxlJobFileAppender [XxlJobFileAppender.java : 101] No such file or directory
java.io.IOException: No such file or directory
	at java.base/java.io.UnixFileSystem.createFileExclusively(Native Method)
	at java.base/java.io.File.createNewFile(File.java:1024)
	at com.xxl.job.core.log.XxlJobFileAppender.appendLog(XxlJobFileAppender.java:99)
	at com.xxl.job.core.context.XxlJobHelper.logDetail(XxlJobHelper.java:164)
	at com.xxl.job.core.context.XxlJobHelper.log(XxlJobHelper.java:118)
	at com.xxl.job.core.thread.JobThread.run(JobThread.java:176)
2021-03-06 10:25:48,657 ERROR [xxl-job, executor TriggerCallbackThread] c.x.job.core.log.XxlJobFileAppender [XxlJobFileAppender.java : 101] No such file or directory
java.io.IOException: No such file or directory
	at java.base/java.io.UnixFileSystem.createFileExclusively(Native Method)
	at java.base/java.io.File.createNewFile(File.java:1024)
	at com.xxl.job.core.log.XxlJobFileAppender.appendLog(XxlJobFileAppender.java:99)
	at com.xxl.job.core.context.XxlJobHelper.logDetail(XxlJobHelper.java:164)
	at com.xxl.job.core.context.XxlJobHelper.log(XxlJobHelper.java:118)
	at com.xxl.job.core.thread.TriggerCallbackThread.callbackLog(TriggerCallbackThread.java:197)
	at com.xxl.job.core.thread.TriggerCallbackThread.doCallback(TriggerCallbackThread.java:170)
	at com.xxl.job.core.thread.TriggerCallbackThread.access$200(TriggerCallbackThread.java:26)
	at com.xxl.job.core.thread.TriggerCallbackThread$1.run(TriggerCallbackThread.java:76)
	at java.base/java.lang.Thread.run(Thread.java:830)
2021-03-06 10:27:21,705 INFO [Thread-7] com.xxl.job.core.thread.JobThread [JobThread.java : 247] >>>>>>>>>>> xxl-job JobThread stoped, hashCode:Thread[Thread-7,10,main]
2021-03-06 10:27:34,819 INFO [xxl-rpc, EmbedServer bizThreadPool-968223085] c.x.job.core.executor.XxlJobExecutor [XxlJobExecutor.java : 188] >>>>>>>>>>> xxl-job regist JobThread success, jobId:1, handler:com.xxl.job.core.handler.impl.MethodJobHandler@350ec690[class com.xxl.job.executor.service.jobhandler.SampleXxlJob#demoJobHandler]
2021-03-06 10:27:34,820 ERROR [Thread-8] c.x.job.core.log.XxlJobFileAppender [XxlJobFileAppender.java : 101] No such file or directory
java.io.IOException: No such file or directory
	at java.base/java.io.UnixFileSystem.createFileExclusively(Native Method)
	at java.base/java.io.File.createNewFile(File.java:1024)
	at com.xxl.job.core.log.XxlJobFileAppender.appendLog(XxlJobFileAppender.java:99)
	at com.xxl.job.core.context.XxlJobHelper.logDetail(XxlJobHelper.java:164)
	at com.xxl.job.core.context.XxlJobHelper.log(XxlJobHelper.java:118)
	at com.xxl.job.core.thread.JobThread.run(JobThread.java:130)
2021-03-06 10:27:34,821 ERROR [Thread-8] c.x.job.core.log.XxlJobFileAppender [XxlJobFileAppender.java : 101] No such file or directory
java.io.IOException: No such file or directory
	at java.base/java.io.UnixFileSystem.createFileExclusively(Native Method)
	at java.base/java.io.File.createNewFile(File.java:1024)
	at com.xxl.job.core.log.XxlJobFileAppender.appendLog(XxlJobFileAppender.java:99)
	at com.xxl.job.core.context.XxlJobHelper.logDetail(XxlJobHelper.java:164)
	at com.xxl.job.core.context.XxlJobHelper.log(XxlJobHelper.java:118)
	at com.xxl.job.executor.service.jobhandler.SampleXxlJob.demoJobHandler(SampleXxlJob.java:39)
	at java.base/jdk.internal.reflect.NativeMethodAccessorImpl.invoke0(Native Method)
	at java.base/jdk.internal.reflect.NativeMethodAccessorImpl.invoke(NativeMethodAccessorImpl.java:62)
	at java.base/jdk.internal.reflect.DelegatingMethodAccessorImpl.invoke(DelegatingMethodAccessorImpl.java:43)
	at java.base/java.lang.reflect.Method.invoke(Method.java:567)
	at com.xxl.job.core.handler.impl.MethodJobHandler.execute(MethodJobHandler.java:31)
	at com.xxl.job.core.thread.JobThread.run(JobThread.java:163)
2021-03-06 10:27:34,821 ERROR [Thread-8] c.x.job.core.log.XxlJobFileAppender [XxlJobFileAppender.java : 101] No such file or directory
java.io.IOException: No such file or directory
	at java.base/java.io.UnixFileSystem.createFileExclusively(Native Method)
	at java.base/java.io.File.createNewFile(File.java:1024)
	at com.xxl.job.core.log.XxlJobFileAppender.appendLog(XxlJobFileAppender.java:99)
	at com.xxl.job.core.context.XxlJobHelper.logDetail(XxlJobHelper.java:164)
	at com.xxl.job.core.context.XxlJobHelper.log(XxlJobHelper.java:118)
	at com.xxl.job.executor.service.jobhandler.SampleXxlJob.demoJobHandler(SampleXxlJob.java:42)
	at java.base/jdk.internal.reflect.NativeMethodAccessorImpl.invoke0(Native Method)
	at java.base/jdk.internal.reflect.NativeMethodAccessorImpl.invoke(NativeMethodAccessorImpl.java:62)
	at java.base/jdk.internal.reflect.DelegatingMethodAccessorImpl.invoke(DelegatingMethodAccessorImpl.java:43)
	at java.base/java.lang.reflect.Method.invoke(Method.java:567)
	at com.xxl.job.core.handler.impl.MethodJobHandler.execute(MethodJobHandler.java:31)
	at com.xxl.job.core.thread.JobThread.run(JobThread.java:163)
2021-03-06 10:27:36,822 ERROR [Thread-8] c.x.job.core.log.XxlJobFileAppender [XxlJobFileAppender.java : 101] No such file or directory
java.io.IOException: No such file or directory
	at java.base/java.io.UnixFileSystem.createFileExclusively(Native Method)
	at java.base/java.io.File.createNewFile(File.java:1024)
	at com.xxl.job.core.log.XxlJobFileAppender.appendLog(XxlJobFileAppender.java:99)
	at com.xxl.job.core.context.XxlJobHelper.logDetail(XxlJobHelper.java:164)
	at com.xxl.job.core.context.XxlJobHelper.log(XxlJobHelper.java:118)
	at com.xxl.job.executor.service.jobhandler.SampleXxlJob.demoJobHandler(SampleXxlJob.java:42)
	at java.base/jdk.internal.reflect.NativeMethodAccessorImpl.invoke0(Native Method)
	at java.base/jdk.internal.reflect.NativeMethodAccessorImpl.invoke(NativeMethodAccessorImpl.java:62)
	at java.base/jdk.internal.reflect.DelegatingMethodAccessorImpl.invoke(DelegatingMethodAccessorImpl.java:43)
	at java.base/java.lang.reflect.Method.invoke(Method.java:567)
	at com.xxl.job.core.handler.impl.MethodJobHandler.execute(MethodJobHandler.java:31)
	at com.xxl.job.core.thread.JobThread.run(JobThread.java:163)
2021-03-06 10:27:38,823 ERROR [Thread-8] c.x.job.core.log.XxlJobFileAppender [XxlJobFileAppender.java : 101] No such file or directory
java.io.IOException: No such file or directory
	at java.base/java.io.UnixFileSystem.createFileExclusively(Native Method)
	at java.base/java.io.File.createNewFile(File.java:1024)
	at com.xxl.job.core.log.XxlJobFileAppender.appendLog(XxlJobFileAppender.java:99)
	at com.xxl.job.core.context.XxlJobHelper.logDetail(XxlJobHelper.java:164)
	at com.xxl.job.core.context.XxlJobHelper.log(XxlJobHelper.java:118)
	at com.xxl.job.executor.service.jobhandler.SampleXxlJob.demoJobHandler(SampleXxlJob.java:42)
	at java.base/jdk.internal.reflect.NativeMethodAccessorImpl.invoke0(Native Method)
	at java.base/jdk.internal.reflect.NativeMethodAccessorImpl.invoke(NativeMethodAccessorImpl.java:62)
	at java.base/jdk.internal.reflect.DelegatingMethodAccessorImpl.invoke(DelegatingMethodAccessorImpl.java:43)
	at java.base/java.lang.reflect.Method.invoke(Method.java:567)
	at com.xxl.job.core.handler.impl.MethodJobHandler.execute(MethodJobHandler.java:31)
	at com.xxl.job.core.thread.JobThread.run(JobThread.java:163)
2021-03-06 10:27:40,826 ERROR [Thread-8] c.x.job.core.log.XxlJobFileAppender [XxlJobFileAppender.java : 101] No such file or directory
java.io.IOException: No such file or directory
	at java.base/java.io.UnixFileSystem.createFileExclusively(Native Method)
	at java.base/java.io.File.createNewFile(File.java:1024)
	at com.xxl.job.core.log.XxlJobFileAppender.appendLog(XxlJobFileAppender.java:99)
	at com.xxl.job.core.context.XxlJobHelper.logDetail(XxlJobHelper.java:164)
	at com.xxl.job.core.context.XxlJobHelper.log(XxlJobHelper.java:118)
	at com.xxl.job.executor.service.jobhandler.SampleXxlJob.demoJobHandler(SampleXxlJob.java:42)
	at java.base/jdk.internal.reflect.NativeMethodAccessorImpl.invoke0(Native Method)
	at java.base/jdk.internal.reflect.NativeMethodAccessorImpl.invoke(NativeMethodAccessorImpl.java:62)
	at java.base/jdk.internal.reflect.DelegatingMethodAccessorImpl.invoke(DelegatingMethodAccessorImpl.java:43)
	at java.base/java.lang.reflect.Method.invoke(Method.java:567)
	at com.xxl.job.core.handler.impl.MethodJobHandler.execute(MethodJobHandler.java:31)
	at com.xxl.job.core.thread.JobThread.run(JobThread.java:163)
2021-03-06 10:27:42,828 ERROR [Thread-8] c.x.job.core.log.XxlJobFileAppender [XxlJobFileAppender.java : 101] No such file or directory
java.io.IOException: No such file or directory
	at java.base/java.io.UnixFileSystem.createFileExclusively(Native Method)
	at java.base/java.io.File.createNewFile(File.java:1024)
	at com.xxl.job.core.log.XxlJobFileAppender.appendLog(XxlJobFileAppender.java:99)
	at com.xxl.job.core.context.XxlJobHelper.logDetail(XxlJobHelper.java:164)
	at com.xxl.job.core.context.XxlJobHelper.log(XxlJobHelper.java:118)
	at com.xxl.job.executor.service.jobhandler.SampleXxlJob.demoJobHandler(SampleXxlJob.java:42)
	at java.base/jdk.internal.reflect.NativeMethodAccessorImpl.invoke0(Native Method)
	at java.base/jdk.internal.reflect.NativeMethodAccessorImpl.invoke(NativeMethodAccessorImpl.java:62)
	at java.base/jdk.internal.reflect.DelegatingMethodAccessorImpl.invoke(DelegatingMethodAccessorImpl.java:43)
	at java.base/java.lang.reflect.Method.invoke(Method.java:567)
	at com.xxl.job.core.handler.impl.MethodJobHandler.execute(MethodJobHandler.java:31)
	at com.xxl.job.core.thread.JobThread.run(JobThread.java:163)
2021-03-06 10:27:44,833 ERROR [Thread-8] c.x.job.core.log.XxlJobFileAppender [XxlJobFileAppender.java : 101] No such file or directory
java.io.IOException: No such file or directory
	at java.base/java.io.UnixFileSystem.createFileExclusively(Native Method)
	at java.base/java.io.File.createNewFile(File.java:1024)
	at com.xxl.job.core.log.XxlJobFileAppender.appendLog(XxlJobFileAppender.java:99)
	at com.xxl.job.core.context.XxlJobHelper.logDetail(XxlJobHelper.java:164)
	at com.xxl.job.core.context.XxlJobHelper.log(XxlJobHelper.java:118)
	at com.xxl.job.core.thread.JobThread.run(JobThread.java:176)
2021-03-06 10:27:44,837 ERROR [xxl-job, executor TriggerCallbackThread] c.x.job.core.log.XxlJobFileAppender [XxlJobFileAppender.java : 101] No such file or directory
java.io.IOException: No such file or directory
	at java.base/java.io.UnixFileSystem.createFileExclusively(Native Method)
	at java.base/java.io.File.createNewFile(File.java:1024)
	at com.xxl.job.core.log.XxlJobFileAppender.appendLog(XxlJobFileAppender.java:99)
	at com.xxl.job.core.context.XxlJobHelper.logDetail(XxlJobHelper.java:164)
	at com.xxl.job.core.context.XxlJobHelper.log(XxlJobHelper.java:118)
	at com.xxl.job.core.thread.TriggerCallbackThread.callbackLog(TriggerCallbackThread.java:197)
	at com.xxl.job.core.thread.TriggerCallbackThread.doCallback(TriggerCallbackThread.java:170)
	at com.xxl.job.core.thread.TriggerCallbackThread.access$200(TriggerCallbackThread.java:26)
	at com.xxl.job.core.thread.TriggerCallbackThread$1.run(TriggerCallbackThread.java:76)
	at java.base/java.lang.Thread.run(Thread.java:830)
2021-03-06 10:29:17,885 INFO [Thread-8] com.xxl.job.core.thread.JobThread [JobThread.java : 247] >>>>>>>>>>> xxl-job JobThread stoped, hashCode:Thread[Thread-8,10,main]
