2021-03-05 08:34:49,686 INFO [main] o.s.b.t.c.SpringBootTestContextBootstrapper [AbstractTestContextBootstrapper.java : 305] Neither @ContextConfiguration nor @ContextHierarchy found for test class [com.xxl.job.admin.controller.rest.IndexControllerTest], using SpringBootContextLoader
2021-03-05 08:34:49,710 INFO [main] o.s.t.c.s.AbstractContextLoader [AbstractContextLoader.java : 264] Could not detect default resource locations for test class [com.xxl.job.admin.controller.rest.IndexControllerTest]: no resource found for suffixes {-context.xml, Context.groovy}.
2021-03-05 08:34:49,712 INFO [main] o.s.t.c.s.AnnotationConfigContextLoaderUtils [AnnotationConfigContextLoaderUtils.java : 83] Could not detect default configuration classes for test class [com.xxl.job.admin.controller.rest.IndexControllerTest]: IndexControllerTest does not declare any static, non-private, non-final, nested classes annotated with @Configuration.
2021-03-05 08:34:49,950 INFO [main] o.s.b.t.c.SpringBootTestContextBootstrapper [SpringBootTestContextBootstrapper.java : 238] Found @SpringBootConfiguration com.xxl.job.admin.XxlJobAdminApplication for test class com.xxl.job.admin.controller.rest.IndexControllerTest
2021-03-05 08:34:50,071 INFO [main] o.s.b.t.c.SpringBootTestContextBootstrapper [AbstractTestContextBootstrapper.java : 245] Loaded default TestExecutionListener class names from location [META-INF/spring.factories]: [org.springframework.boot.test.mock.mockito.MockitoTestExecutionListener, org.springframework.boot.test.mock.mockito.ResetMocksTestExecutionListener, org.springframework.boot.test.autoconfigure.restdocs.RestDocsTestExecutionListener, org.springframework.boot.test.autoconfigure.web.client.MockRestServiceServerResetTestExecutionListener, org.springframework.boot.test.autoconfigure.web.servlet.MockMvcPrintOnlyOnFailureTestExecutionListener, org.springframework.boot.test.autoconfigure.web.servlet.WebDriverTestExecutionListener, org.springframework.boot.test.autoconfigure.webservices.client.MockWebServiceServerTestExecutionListener, org.springframework.test.context.web.ServletTestExecutionListener, org.springframework.test.context.support.DirtiesContextBeforeModesTestExecutionListener, org.springframework.test.context.event.ApplicationEventsTestExecutionListener, org.springframework.test.context.support.DependencyInjectionTestExecutionListener, org.springframework.test.context.support.DirtiesContextTestExecutionListener, org.springframework.test.context.transaction.TransactionalTestExecutionListener, org.springframework.test.context.jdbc.SqlScriptsTestExecutionListener, org.springframework.test.context.event.EventPublishingTestExecutionListener]
2021-03-05 08:34:50,098 INFO [main] o.s.b.t.c.SpringBootTestContextBootstrapper [AbstractTestContextBootstrapper.java : 174] Using TestExecutionListeners: [org.springframework.test.context.web.ServletTestExecutionListener@61f05988, org.springframework.test.context.support.DirtiesContextBeforeModesTestExecutionListener@7ca33c24, org.springframework.test.context.event.ApplicationEventsTestExecutionListener@fade1fc, org.springframework.boot.test.mock.mockito.MockitoTestExecutionListener@67c2e933, org.springframework.boot.test.autoconfigure.SpringBootDependencyInjectionTestExecutionListener@41dd05a, org.springframework.test.context.support.DirtiesContextTestExecutionListener@613a8ee1, org.springframework.test.context.transaction.TransactionalTestExecutionListener@178213b, org.springframework.test.context.jdbc.SqlScriptsTestExecutionListener@7103cb56, org.springframework.test.context.event.EventPublishingTestExecutionListener@1b765a2c, org.springframework.boot.test.mock.mockito.ResetMocksTestExecutionListener@2e8e8225, org.springframework.boot.test.autoconfigure.restdocs.RestDocsTestExecutionListener@6ebf0f36, org.springframework.boot.test.autoconfigure.web.client.MockRestServiceServerResetTestExecutionListener@18920cc, org.springframework.boot.test.autoconfigure.web.servlet.MockMvcPrintOnlyOnFailureTestExecutionListener@2807bdeb, org.springframework.boot.test.autoconfigure.web.servlet.WebDriverTestExecutionListener@72c28d64, org.springframework.boot.test.autoconfigure.webservices.client.MockWebServiceServerTestExecutionListener@6492fab5]
2021-03-05 08:34:50,474 INFO [main] c.x.j.a.c.rest.IndexControllerTest [StartupInfoLogger.java : 55] Starting IndexControllerTest using Java 13.0.1 on qiaoweideMBP with PID 12046 (started by qiaowei in /Users/qiaowei/Documents/xxl-job/xxl-job-admin)
2021-03-05 08:34:50,478 INFO [main] c.x.j.a.c.rest.IndexControllerTest [SpringApplication.java : 660] No active profile set, falling back to default profiles: default
2021-03-05 08:34:52,570 INFO [main] o.s.b.w.e.tomcat.TomcatWebServer [TomcatWebServer.java : 108] Tomcat initialized with port(s): 0 (http)
2021-03-05 08:34:52,584 INFO [main] o.a.coyote.http11.Http11NioProtocol [DirectJDKLog.java : 173] Initializing ProtocolHandler ["http-nio-auto-1"]
2021-03-05 08:34:52,584 INFO [main] o.a.catalina.core.StandardService [DirectJDKLog.java : 173] Starting service [Tomcat]
2021-03-05 08:34:52,585 INFO [main] o.a.catalina.core.StandardEngine [DirectJDKLog.java : 173] Starting Servlet engine: [Apache Tomcat/9.0.41]
2021-03-05 08:34:52,694 INFO [main] o.a.c.c.C.[.[.[/xxl-job-admin] [DirectJDKLog.java : 173] Initializing Spring embedded WebApplicationContext
2021-03-05 08:34:52,694 INFO [main] o.s.b.w.s.c.ServletWebServerApplicationContext [ServletWebServerApplicationContext.java : 289] Root WebApplicationContext: initialization completed in 1913 ms
2021-03-05 08:34:53,630 INFO [main] c.x.j.a.c.scheduler.XxlJobScheduler [XxlJobScheduler.java : 45] >>>>>>>>> init xxl-job admin success.
2021-03-05 08:34:53,656 INFO [xxl-job, admin JobLogReportHelper] com.zaxxer.hikari.HikariDataSource [HikariDataSource.java : 110] HikariCP - Starting...
2021-03-05 08:34:53,926 INFO [main] o.s.s.c.ThreadPoolTaskExecutor [ExecutorConfigurationSupport.java : 181] Initializing ExecutorService 'applicationTaskExecutor'
2021-03-05 08:34:54,114 INFO [main] o.s.b.a.w.s.WelcomePageHandlerMapping [WelcomePageHandlerMapping.java : 57] Adding welcome page template: index
2021-03-05 08:34:54,256 INFO [xxl-job, admin JobLogReportHelper] com.zaxxer.hikari.HikariDataSource [HikariDataSource.java : 123] HikariCP - Start completed.
2021-03-05 08:34:55,452 INFO [main] o.s.b.a.e.web.EndpointLinksResolver [EndpointLinksResolver.java : 58] Exposing 2 endpoint(s) beneath base path '/actuator'
2021-03-05 08:34:55,525 INFO [main] o.a.coyote.http11.Http11NioProtocol [DirectJDKLog.java : 173] Starting ProtocolHandler ["http-nio-auto-1"]
2021-03-05 08:34:55,547 INFO [main] o.a.c.c.C.[.[.[/xxl-job-admin] [DirectJDKLog.java : 173] Initializing Spring DispatcherServlet 'dispatcherServlet'
2021-03-05 08:34:55,547 INFO [main] o.s.web.servlet.DispatcherServlet [FrameworkServlet.java : 525] Initializing Servlet 'dispatcherServlet'
2021-03-05 08:34:55,549 INFO [main] o.s.web.servlet.DispatcherServlet [FrameworkServlet.java : 547] Completed initialization in 1 ms
2021-03-05 08:34:55,550 INFO [main] o.s.b.w.e.tomcat.TomcatWebServer [TomcatWebServer.java : 220] Tomcat started on port(s): 58771 (http) with context path '/xxl-job-admin'
2021-03-05 08:34:55,579 INFO [main] c.x.j.a.c.rest.IndexControllerTest [StartupInfoLogger.java : 61] Started IndexControllerTest in 5.436 seconds (JVM running for 7.05)
2021-03-05 08:34:56,182 INFO [main] o.a.c.c.C.[.[.[/xxl-job-admin] [DirectJDKLog.java : 173] Initializing Spring TestDispatcherServlet ''
2021-03-05 08:34:56,182 INFO [main] o.s.t.w.s.TestDispatcherServlet [FrameworkServlet.java : 525] Initializing Servlet ''
2021-03-05 08:34:56,183 INFO [main] o.s.t.w.s.TestDispatcherServlet [FrameworkServlet.java : 547] Completed initialization in 1 ms
2021-03-05 08:34:57,687 INFO [SpringContextShutdownHook] o.s.s.c.ThreadPoolTaskExecutor [ExecutorConfigurationSupport.java : 218] Shutting down ExecutorService 'applicationTaskExecutor'
2021-03-05 08:34:58,004 INFO [xxl-job, admin JobScheduleHelper#scheduleThread] c.x.j.a.c.thread.JobScheduleHelper [JobScheduleHelper.java : 52] >>>>>>>>> init xxl-job admin scheduler success.
2021-03-05 08:34:58,005 INFO [xxl-job, admin JobScheduleHelper#scheduleThread] c.x.j.a.c.thread.JobScheduleHelper [JobScheduleHelper.java : 212] >>>>>>>>>>> xxl-job, JobScheduleHelper#scheduleThread stop
2021-03-05 08:34:59,005 INFO [xxl-job, admin JobScheduleHelper#ringThread] c.x.j.a.c.thread.JobScheduleHelper [JobScheduleHelper.java : 264] >>>>>>>>>>> xxl-job, JobScheduleHelper#ringThread stop
2021-03-05 08:34:59,690 INFO [SpringContextShutdownHook] c.x.j.a.c.thread.JobScheduleHelper [JobScheduleHelper.java : 353] >>>>>>>>>>> xxl-job, JobScheduleHelper stop
2021-03-05 08:34:59,691 INFO [xxl-job, admin JobLogReportHelper] c.x.j.a.c.thread.JobLogReportHelper [JobLogReportHelper.java : 132] >>>>>>>>>>> xxl-job, job log report thread stop
2021-03-05 08:34:59,691 INFO [xxl-job, admin JobLosedMonitorHelper] c.x.j.a.c.thread.JobCompleteHelper [JobCompleteHelper.java : 111] >>>>>>>>>>> xxl-job, JobLosedMonitorHelper stop
2021-03-05 08:34:59,692 INFO [xxl-job, admin JobFailMonitorHelper] c.x.j.a.c.t.JobFailMonitorHelper [JobFailMonitorHelper.java : 90] >>>>>>>>>>> xxl-job, job fail monitor thread stop
2021-03-05 08:34:59,692 INFO [xxl-job, admin JobRegistryMonitorHelper-registryMonitorThread] c.x.j.a.c.thread.JobRegistryHelper [JobRegistryHelper.java : 123] >>>>>>>>>>> xxl-job, job registry monitor thread stop
2021-03-05 08:34:59,693 INFO [SpringContextShutdownHook] c.x.j.a.c.t.JobTriggerPoolHelper [JobTriggerPoolHelper.java : 60] >>>>>>>>> xxl-job trigger thread pool shutdown success.
2021-03-05 08:34:59,695 INFO [SpringContextShutdownHook] com.zaxxer.hikari.HikariDataSource [HikariDataSource.java : 350] HikariCP - Shutdown initiated...
2021-03-05 08:34:59,712 INFO [SpringContextShutdownHook] com.zaxxer.hikari.HikariDataSource [HikariDataSource.java : 352] HikariCP - Shutdown completed.
